  Source.cpp
C:\Users\Adam\Documents\VisualStudioProjects\230Assign1\Source.cpp(70,49): warning C4244: 'argument': conversion from 'int' to 'T', possible loss of data
          with
          [
              T=float
          ]
C:\Users\Adam\Documents\VisualStudioProjects\230Assign1\Source.cpp(70,43): warning C4244: 'argument': conversion from 'int' to 'T', possible loss of data
          with
          [
              T=float
          ]
C:\Users\Adam\Documents\VisualStudioProjects\230Assign1\Source.cpp(74,49): warning C4244: 'argument': conversion from 'int' to 'T', possible loss of data
          with
          [
              T=float
          ]
C:\Users\Adam\Documents\VisualStudioProjects\230Assign1\Source.cpp(74,43): warning C4244: 'argument': conversion from 'int' to 'T', possible loss of data
          with
          [
              T=float
          ]
  230Assign1.vcxproj -> C:\Users\Adam\Documents\VisualStudioProjects\230Assign1\Debug\230Assign1.exe
